0 info it worked if it ends with ok
1 verbose cli [ 'node', '/usr/local/bin/npm', 'publish', './' ]
2 info using npm@1.4.28
3 info using node@v0.10.33
4 verbose publish [ './' ]
5 verbose cache add [ './', null ]
6 verbose cache add name=undefined spec="./" args=["./",null]
7 verbose parsed url { protocol: null,
7 verbose parsed url   slashes: null,
7 verbose parsed url   auth: null,
7 verbose parsed url   host: null,
7 verbose parsed url   port: null,
7 verbose parsed url   hostname: null,
7 verbose parsed url   hash: null,
7 verbose parsed url   search: null,
7 verbose parsed url   query: null,
7 verbose parsed url   pathname: './',
7 verbose parsed url   path: './',
7 verbose parsed url   href: './' }
8 silly lockFile 0ee6c175- ./
9 verbose lock ./ /Users/Bruno/.npm/0ee6c175-.lock
10 verbose tar pack [ '/Users/Bruno/.npm/overlay.js/1.0.0/package.tgz', './' ]
11 verbose tarball /Users/Bruno/.npm/overlay.js/1.0.0/package.tgz
12 verbose folder ./
13 info prepublish overlay.js@1.0.0
14 silly lockFile 04cb2bca-tar tar://./
15 verbose lock tar://./ /Users/Bruno/.npm/04cb2bca-tar.lock
16 silly lockFile 918b4770-npm-overlay-js-1-0-0-package-tgz tar:///Users/Bruno/.npm/overlay.js/1.0.0/package.tgz
17 verbose lock tar:///Users/Bruno/.npm/overlay.js/1.0.0/package.tgz /Users/Bruno/.npm/918b4770-npm-overlay-js-1-0-0-package-tgz.lock
18 silly lockFile 04cb2bca-tar tar://./
19 silly lockFile 04cb2bca-tar tar://./
20 silly lockFile 918b4770-npm-overlay-js-1-0-0-package-tgz tar:///Users/Bruno/.npm/overlay.js/1.0.0/package.tgz
21 silly lockFile 918b4770-npm-overlay-js-1-0-0-package-tgz tar:///Users/Bruno/.npm/overlay.js/1.0.0/package.tgz
22 silly lockFile 6460abf6-uno-npm-overlay-js-1-0-0-package /Users/Bruno/.npm/overlay.js/1.0.0/package
23 verbose lock /Users/Bruno/.npm/overlay.js/1.0.0/package /Users/Bruno/.npm/6460abf6-uno-npm-overlay-js-1-0-0-package.lock
24 silly lockFile 6460abf6-uno-npm-overlay-js-1-0-0-package /Users/Bruno/.npm/overlay.js/1.0.0/package
25 silly lockFile 6460abf6-uno-npm-overlay-js-1-0-0-package /Users/Bruno/.npm/overlay.js/1.0.0/package
26 silly lockFile 0ee6c175- ./
27 silly lockFile 0ee6c175- ./
28 silly publish { name: 'overlay.js',
28 silly publish   version: '1.0.0',
28 silly publish   description: 'Slim fast modern overlay, no dependencies — just the essentials',
28 silly publish   main: 'dist/overlay.js',
28 silly publish   repository:
28 silly publish    { type: 'git',
28 silly publish      url: 'https://github.com/bcorreia/overlay.js.git' },
28 silly publish   author:
28 silly publish    { name: 'Bruno Correia',
28 silly publish      email: 'mail@bcorreia.com',
28 silly publish      url: 'http://bcorreia.com' },
28 silly publish   license: 'MIT',
28 silly publish   devDependencies:
28 silly publish    { grunt: '^0.4.5',
28 silly publish      'grunt-banner': '^0.4.0',
28 silly publish      'grunt-contrib-copy': '^0.8.0',
28 silly publish      'grunt-contrib-uglify': '^0.9.1' },
28 silly publish   readme: '# overlay.js\n![Bower version](https://img.shields.io/bower/v/overlay.js.svg?style=flat)\n[![npm version](https://img.shields.io/npm/v/overlay.js.svg?style=flat)](https://www.npmjs.com/package/overlay.js)\n[![Build Status](https://travis-ci.org/bcorreia/overlay.js.svg?branch=master)](https://travis-ci.org/bcorreia/overlay.js)\n\nSlim fast modern overlay, no dependencies — just the essentials<br />\n[**Demo**](http://bcorreia.com/projects/overlay.js/src/demo.html)\n\n---\n## Getting Started\nYou may install overlay.js using package managers, or download project [archive](https://github.com/bcorreia/overlay.js/archive/master.zip).<br />\n```bash\nbower install overlay.js\nnpm install overlay.js\n\n# overlay.min.js           minified version of overlay.js\n```\n\n## Usage\n```javascript\nelement.addEventListener(\'click\', function() {\n    var layer = new Overlay({\n        html: \'\'\n    });\n});\n```\n\n| Options | Description | Default | Type\n:--- | :--- | ---: | ---:\n| `html` | formatted HTML | `\'\'` | `string`\n\n## CSS\n```css\n/* required */\n.overlay                                { background: rgba(0, 0, 0, 0.75); width: 100vw; height: 100vh; position:fixed; top:0; animation: fade-in .5s; }\n.overlay .-inner                        { width: 100vw; height: 100vh; display: flex; display: -webkit-flex; align-items: center; -webkit-align-items: center; justify-content:center; -webkit-justify-content:center; -ms-flex-pack:justify; }\n\n/* suggested */\n.overlay .-close                        { padding: 8px 18px; border-radius: 4px; color: #FFF; position: absolute; top: 32px; right: 36px; font-weight: 600; border: 1px solid #FFF; text-transform: uppercase; transition: all 1s; }\n```\n---\n\n## License\nThis software is free to use under the [MIT license](https://github.com/bcorreia/overlay.js/blob/master/license.md).',
28 silly publish   readmeFilename: 'README.md',
28 silly publish   gitHead: 'a43f704d6c8ed73b402b185757bb581cb91380ba',
28 silly publish   bugs: { url: 'https://github.com/bcorreia/overlay.js/issues' },
28 silly publish   homepage: 'https://github.com/bcorreia/overlay.js',
28 silly publish   _id: 'overlay.js@1.0.0',
28 silly publish   scripts: {},
28 silly publish   _shasum: '8520b67a51ba09fda3844e7a3ea902d5716cc675',
28 silly publish   _from: './' }
29 verbose request where is /overlay.js
30 verbose request registry https://registry.npmjs.org/
31 verbose request id d53b41409d57226a
32 verbose url raw /overlay.js
33 verbose url resolving [ 'https://registry.npmjs.org/', './overlay.js' ]
34 verbose url resolved https://registry.npmjs.org/overlay.js
35 verbose request where is https://registry.npmjs.org/overlay.js
36 info trying registry request attempt 1 at 23:50:53
37 http PUT https://registry.npmjs.org/overlay.js
38 http 403 https://registry.npmjs.org/overlay.js
39 verbose headers { 'content-type': 'application/json',
39 verbose headers   'cache-control': 'max-age=60',
39 verbose headers   'content-length': '95',
39 verbose headers   'accept-ranges': 'bytes',
39 verbose headers   date: 'Sat, 04 Jul 2015 06:50:50 GMT',
39 verbose headers   via: '1.1 varnish',
39 verbose headers   connection: 'keep-alive',
39 verbose headers   'x-served-by': 'cache-sjc3123-SJC',
39 verbose headers   'x-cache': 'MISS',
39 verbose headers   'x-cache-hits': '0',
39 verbose headers   'x-timer': 'S1435992649.046345,VS0,VE1306' }
40 error publish Failed PUT 403
41 error Error: "You cannot publish over the previously published version 1.0.0." : overlay.js
41 error     at RegClient.<anonymous> (/usr/local/lib/node_modules/npm/node_modules/npm-registry-client/lib/request.js:308:14)
41 error     at Request._callback (/usr/local/lib/node_modules/npm/node_modules/npm-registry-client/lib/request.js:246:65)
41 error     at Request.self.callback (/usr/local/lib/node_modules/npm/node_modules/request/request.js:236:22)
41 error     at Request.emit (events.js:98:17)
41 error     at Request.<anonymous> (/usr/local/lib/node_modules/npm/node_modules/request/request.js:1142:14)
41 error     at Request.emit (events.js:117:20)
41 error     at IncomingMessage.<anonymous> (/usr/local/lib/node_modules/npm/node_modules/request/request.js:1096:12)
41 error     at IncomingMessage.emit (events.js:117:20)
41 error     at _stream_readable.js:943:16
41 error     at process._tickCallback (node.js:419:13)
42 error If you need help, you may report this *entire* log,
42 error including the npm and node versions, at:
42 error     <http://github.com/npm/npm/issues>
43 error System Darwin 14.4.0
44 error command "node" "/usr/local/bin/npm" "publish" "./"
45 error cwd /Users/Bruno/Dropbox/Projects/overlay.js
46 error node -v v0.10.33
47 error npm -v 1.4.28
48 verbose exit [ 1, true ]
